0 info it worked if it ends with ok
1 verbose cli [ '/home/usuario/.nvm/versions/node/v7.4.0/bin/node',
1 verbose cli   '/home/usuario/.nvm/versions/node/v7.4.0/bin/npm',
1 verbose cli   'run',
1 verbose cli   'build:server' ]
2 info using npm@4.0.5
3 info using node@v7.4.0
4 verbose stack Error: missing script: build:server
4 verbose stack     at run (/home/usuario/.nvm/versions/node/v7.4.0/lib/node_modules/npm/lib/run-script.js:151:19)
4 verbose stack     at /home/usuario/.nvm/versions/node/v7.4.0/lib/node_modules/npm/lib/run-script.js:61:5
4 verbose stack     at /home/usuario/.nvm/versions/node/v7.4.0/lib/node_modules/npm/node_modules/read-package-json/read-json.js:356:5
4 verbose stack     at checkBinReferences_ (/home/usuario/.nvm/versions/node/v7.4.0/lib/node_modules/npm/node_modules/read-package-json/read-json.js:320:45)
4 verbose stack     at final (/home/usuario/.nvm/versions/node/v7.4.0/lib/node_modules/npm/node_modules/read-package-json/read-json.js:354:3)
4 verbose stack     at then (/home/usuario/.nvm/versions/node/v7.4.0/lib/node_modules/npm/node_modules/read-package-json/read-json.js:124:5)
4 verbose stack     at ReadFileContext.<anonymous> (/home/usuario/.nvm/versions/node/v7.4.0/lib/node_modules/npm/node_modules/read-package-json/read-json.js:295:20)
4 verbose stack     at ReadFileContext.callback (/home/usuario/.nvm/versions/node/v7.4.0/lib/node_modules/npm/node_modules/graceful-fs/graceful-fs.js:78:16)
4 verbose stack     at FSReqWrap.readFileAfterOpen [as oncomplete] (fs.js:336:13)
5 verbose cwd /home/usuario/workspace/spring-react-boilerplate/src/main/js
6 error Linux 4.4.0-59-generic
7 error argv "/home/usuario/.nvm/versions/node/v7.4.0/bin/node" "/home/usuario/.nvm/versions/node/v7.4.0/bin/npm" "run" "build:server"
8 error node v7.4.0
9 error npm  v4.0.5
10 error missing script: build:server
11 error If you need help, you may report this error at:
11 error     <https://github.com/npm/npm/issues>
12 verbose exit [ 1, true ]
